#
# There is insufficient memory for the Java Runtime Environment to continue.
# Native memory allocation (mmap) failed to map 4128768 bytes for G1 virtual space
# Possible reasons:
#   The system is out of physical RAM or swap space
#   The process is running with CompressedOops enabled, and the Java Heap may be blocking the growth of the native heap
# Possible solutions:
#   Reduce memory load on the system
#   Increase physical memory or swap space
#   Check if swap backing store is full
#   Decrease Java heap size (-Xmx/-Xms)
#   Decrease number of Java threads
#   Decrease Java thread stack sizes (-Xss)
#   Set larger code cache with -XX:ReservedCodeCacheSize=
#   JVM is running with Zero Based Compressed Oops mode in which the Java heap is
#     placed in the first 32GB address space. The Java Heap base address is the
#     maximum limit for the native heap growth. Please use -XX:HeapBaseMinAddress
#     to set the Java Heap base and to place the Java Heap above 32GB virtual address.
# This output file may be truncated or incomplete.
#
#  Out of Memory Error (os_windows.cpp:3548), pid=4628, tid=27272
#
# JRE version:  (17.0.5+8) (build )
# Java VM: OpenJDK 64-Bit Server VM (17.0.5+8, mixed mode, sharing, tiered, compressed oops, compressed class ptrs, g1 gc, windows-amd64)
# No core dump will be written. Minidumps are not enabled by default on client versions of Windows
#

---------------  S U M M A R Y ------------

Command Line: -Dfile.encoding=UTF-8 -XX:+ShowCodeDetailsInExceptionMessages university.management.system.Project

Host: 11th Gen Intel(R) Core(TM) i5-1145G7 @ 2.60GHz, 8 cores, 15G,  Windows 11 , 64 bit Build 22621 (10.0.22621.4830)
Time: Fri Feb 21 12:33:41 2025 India Standard Time elapsed time: 0.061871 seconds (0d 0h 0m 0s)

---------------  T H R E A D  ---------------

Current thread (0x00000248c43e3160):  JavaThread "Unknown thread" [_thread_in_vm, id=27272, stack(0x00000078a7000000,0x00000078a7100000)]

Stack: [0x00000078a7000000,0x00000078a7100000]
Native frames: (J=compiled Java code, j=interpreted, Vv=VM code, C=native code)
V  [jvm.dll+0x676b3a]
V  [jvm.dll+0x831444]
V  [jvm.dll+0x832bee]
V  [jvm.dll+0x833253]
V  [jvm.dll+0x244ce5]
V  [jvm.dll+0x673a49]
V  [jvm.dll+0x66811a]
V  [jvm.dll+0x303ceb]
V  [jvm.dll+0x30b1e6]
V  [jvm.dll+0x35ade8]
V  [jvm.dll+0x35afef]
V  [jvm.dll+0x2dab88]
V  [jvm.dll+0x2dbaf4]
V  [jvm.dll+0x803121]
V  [jvm.dll+0x368bb1]
V  [jvm.dll+0x7e265c]
V  [jvm.dll+0x3eb17f]
V  [jvm.dll+0x3eccc1]
C  [jli.dll+0x5267]
C  [ucrtbase.dll+0x29333]
C  [KERNEL32.DLL+0x1259d]
C  [ntdll.dll+0x5af38]


---------------  P R O C E S S  ---------------

Threads class SMR info:
_java_thread_list=0x00007ffe74052f18, length=0, elements={
}

Java Threads: ( => current thread )

Other Threads:
  0x00000248c444f4f0 GCTaskThread "GC Thread#0" [stack: 0x00000078a7100000,0x00000078a7200000] [id=35032]
  0x00000248c445ffc0 ConcurrentGCThread "G1 Main Marker" [stack: 0x00000078a7200000,0x00000078a7300000] [id=54528]
  0x00000248c4461540 ConcurrentGCThread "G1 Conc#0" [stack: 0x00000078a7300000,0x00000078a7400000] [id=32284]

[error occurred during error reporting (printing all threads), id 0xc0000005, EXCEPTION_ACCESS_VIOLATION (0xc0000005) at pc=0x00007ffe7382b617]

VM state: not at safepoint (not fully initialized)

VM Mutex/Monitor currently owned by a thread:  ([mutex/lock_event])
[0x00000248c43df230] Heap_lock - owner thread: 0x00000248c43e3160

Heap address: 0x0000000704600000, size: 4026 MB, Compressed Oops mode: Zero based, Oop shift amount: 3

CDS archive(s) mapped at: [0x0000000000000000-0x0000000000000000-0x0000000000000000), size 0, SharedBaseAddress: 0x0000000800000000, ArchiveRelocationMode: 0.
Narrow klass base: 0x0000000000000000, Narrow klass shift: 0, Narrow klass range: 0x0

GC Precious Log:
<Empty>

Heap:
 garbage-first heap   total 0K, used 0K [0x0000000704600000, 0x0000000800000000)
  region size 2048K, 0 young (0K), 0 survivors (0K)

[error occurred during error reporting (printing heap information), id 0xc0000005, EXCEPTION_ACCESS_VIOLATION (0xc0000005) at pc=0x00007ffe73c0fcb9]

GC Heap History (0 events):
No events

Dll operation events (1 events):
Event: 0.048 Loaded shared library C:\Users\SAKOTTAW\.p2\pool\plugins\org.eclipse.justj.openjdk.hotspot.jre.full.win32.x86_64_17.0.5.v20221102-0933\jre\bin\java.dll

Deoptimization events (0 events):
No events

Classes unloaded (0 events):
No events

Classes redefined (0 events):
No events

Internal exceptions (0 events):
No events

VM Operations (0 events):
No events

Events (0 events):
No events


Dynamic libraries:
0x00007ff740fe0000 - 0x00007ff740fee000 	C:\Users\SAKOTTAW\.p2\pool\plugins\org.eclipse.justj.openjdk.hotspot.jre.full.win32.x86_64_17.0.5.v20221102-0933\jre\bin\javaw.exe
0x00007fff1d4d0000 - 0x00007fff1d6e7000 	C:\WINDOWS\SYSTEM32\ntdll.dll
0x00007fff1b1f0000 - 0x00007fff1b2b4000 	C:\WINDOWS\System32\KERNEL32.DLL
0x00007fff1a9f0000 - 0x00007fff1adc0000 	C:\WINDOWS\System32\KERNELBASE.dll
0x00007fff1a820000 - 0x00007fff1a931000 	C:\WINDOWS\System32\ucrtbase.dll
0x00007ffeec1e0000 - 0x00007ffeec1f7000 	C:\Users\SAKOTTAW\.p2\pool\plugins\org.eclipse.justj.openjdk.hotspot.jre.full.win32.x86_64_17.0.5.v20221102-0933\jre\bin\jli.dll
0x00007ffeec200000 - 0x00007ffeec219000 	C:\Users\SAKOTTAW\.p2\pool\plugins\org.eclipse.justj.openjdk.hotspot.jre.full.win32.x86_64_17.0.5.v20221102-0933\jre\bin\VCRUNTIME140.dll
0x00007fff1b2c0000 - 0x00007fff1b46e000 	C:\WINDOWS\System32\USER32.dll
0x00007fff1adc0000 - 0x00007fff1ade6000 	C:\WINDOWS\System32\win32u.dll
0x00007ffef30c0000 - 0x00007ffef3352000 	C:\WINDOWS\WinSxS\amd64_microsoft.windows.common-controls_6595b64144ccf1df_6.0.22621.4830_none_270fe7d773858e80\COMCTL32.dll
0x00007fff1d370000 - 0x00007fff1d417000 	C:\WINDOWS\System32\msvcrt.dll
0x00007fff1b1c0000 - 0x00007fff1b1e9000 	C:\WINDOWS\System32\GDI32.dll
0x00007fff1adf0000 - 0x00007fff1af0b000 	C:\WINDOWS\System32\gdi32full.dll
0x00007fff1a780000 - 0x00007fff1a81a000 	C:\WINDOWS\System32\msvcp_win.dll
0x00007fff1b6f0000 - 0x00007fff1b721000 	C:\WINDOWS\System32\IMM32.DLL
0x00000248c4360000 - 0x00000248c4376000 	C:\WINDOWS\System32\umppc19011.dll
0x00007fff19ec0000 - 0x00007fff1a00b000 	C:\Program Files\Avecto\Privilege Guard Client\PGHook.dll
0x00007ffeefca0000 - 0x00007ffeefcac000 	C:\Users\SAKOTTAW\.p2\pool\plugins\org.eclipse.justj.openjdk.hotspot.jre.full.win32.x86_64_17.0.5.v20221102-0933\jre\bin\vcruntime140_1.dll
0x00007ffeb9300000 - 0x00007ffeb9391000 	C:\Users\SAKOTTAW\.p2\pool\plugins\org.eclipse.justj.openjdk.hotspot.jre.full.win32.x86_64_17.0.5.v20221102-0933\jre\bin\msvcp140.dll
0x00007ffe73540000 - 0x00007ffe74184000 	C:\Users\SAKOTTAW\.p2\pool\plugins\org.eclipse.justj.openjdk.hotspot.jre.full.win32.x86_64_17.0.5.v20221102-0933\jre\bin\server\jvm.dll
0x00007fff1b470000 - 0x00007fff1b521000 	C:\WINDOWS\System32\ADVAPI32.dll
0x00007fff1bb20000 - 0x00007fff1bbc7000 	C:\WINDOWS\System32\sechost.dll
0x00007fff1a940000 - 0x00007fff1a968000 	C:\WINDOWS\System32\bcrypt.dll
0x00007fff1c640000 - 0x00007fff1c754000 	C:\WINDOWS\System32\RPCRT4.dll
0x00007ffef3560000 - 0x00007ffef3569000 	C:\WINDOWS\SYSTEM32\WSOCK32.dll
0x00007fff1b730000 - 0x00007fff1b7a1000 	C:\WINDOWS\System32\WS2_32.dll
0x00007fff10550000 - 0x00007fff10584000 	C:\WINDOWS\SYSTEM32\WINMM.dll
0x00007fff0fb20000 - 0x00007fff0fb2a000 	C:\WINDOWS\SYSTEM32\VERSION.dll
0x00007fff19590000 - 0x00007fff195a8000 	C:\WINDOWS\SYSTEM32\kernel.appcore.dll
0x00007fff0e770000 - 0x00007fff0e77a000 	C:\Users\SAKOTTAW\.p2\pool\plugins\org.eclipse.justj.openjdk.hotspot.jre.full.win32.x86_64_17.0.5.v20221102-0933\jre\bin\jimage.dll
0x00007fff17ba0000 - 0x00007fff17dd2000 	C:\WINDOWS\SYSTEM32\DBGHELP.DLL
0x00007fff1cfe0000 - 0x00007fff1d370000 	C:\WINDOWS\System32\combase.dll
0x00007fff1c030000 - 0x00007fff1c107000 	C:\WINDOWS\System32\OLEAUT32.dll
0x00007fff086a0000 - 0x00007fff086d2000 	C:\WINDOWS\SYSTEM32\dbgcore.DLL
0x00007fff1a970000 - 0x00007fff1a9eb000 	C:\WINDOWS\System32\bcryptPrimitives.dll
0x00007ffeec240000 - 0x00007ffeec265000 	C:\Users\SAKOTTAW\.p2\pool\plugins\org.eclipse.justj.openjdk.hotspot.jre.full.win32.x86_64_17.0.5.v20221102-0933\jre\bin\java.dll

dbghelp: loaded successfully - version: 4.0.5 - missing functions: none
symbol engine: initialized successfully - sym options: 0x614 - pdb path: .;C:\Users\SAKOTTAW\.p2\pool\plugins\org.eclipse.justj.openjdk.hotspot.jre.full.win32.x86_64_17.0.5.v20221102-0933\jre\bin;C:\WINDOWS\SYSTEM32;C:\WINDOWS\WinSxS\amd64_microsoft.windows.common-controls_6595b64144ccf1df_6.0.22621.4830_none_270fe7d773858e80;C:\Program Files\Avecto\Privilege Guard Client;C:\Users\SAKOTTAW\.p2\pool\plugins\org.eclipse.justj.openjdk.hotspot.jre.full.win32.x86_64_17.0.5.v20221102-0933\jre\bin\server

VM Arguments:
jvm_args: -Dfile.encoding=UTF-8 -XX:+ShowCodeDetailsInExceptionMessages 
java_command: university.management.system.Project
java_class_path (initial): C:\Users\SAKOTTAW\eclipse-workspace\Java_Projects\bin;C:\Users\SAKOTTAW\Downloads\jcalendar-1.4\lib\jcalendar-1.4.jar;C:\Users\SAKOTTAW\Downloads\mysql-connector-java-8.0.21.jar
Launcher Type: SUN_STANDARD

[Global flags]
     intx CICompilerCount                          = 4                                         {product} {ergonomic}
     uint ConcGCThreads                            = 2                                         {product} {ergonomic}
     uint G1ConcRefinementThreads                  = 8                                         {product} {ergonomic}
   size_t G1HeapRegionSize                         = 2097152                                   {product} {ergonomic}
    uintx GCDrainStackTargetSize                   = 64                                        {product} {ergonomic}
   size_t InitialHeapSize                          = 264241152                                 {product} {ergonomic}
   size_t MarkStackSize                            = 4194304                                   {product} {ergonomic}
   size_t MaxHeapSize                              = 4221566976                                {product} {ergonomic}
   size_t MinHeapDeltaBytes                        = 2097152                                   {product} {ergonomic}
   size_t MinHeapSize                              = 8388608                                   {product} {ergonomic}
    uintx NonNMethodCodeHeapSize                   = 5839372                                {pd product} {ergonomic}
    uintx NonProfiledCodeHeapSize                  = 122909434                              {pd product} {ergonomic}
    uintx ProfiledCodeHeapSize                     = 122909434                              {pd product} {ergonomic}
    uintx ReservedCodeCacheSize                    = 251658240                              {pd product} {ergonomic}
     bool SegmentedCodeCache                       = true                                      {product} {ergonomic}
     bool ShowCodeDetailsInExceptionMessages       = true                                   {manageable} {command line}
   size_t SoftMaxHeapSize                          = 4221566976                             {manageable} {ergonomic}
     bool UseCompressedClassPointers               = true                           {product lp64_product} {ergonomic}
     bool UseCompressedOops                        = true                           {product lp64_product} {ergonomic}
     bool UseG1GC                                  = true                                      {product} {ergonomic}
     bool UseLargePagesIndividualAllocation        = false                                  {pd product} {ergonomic}

Logging:
Log output configuration:
 #0: stdout all=warning uptime,level,tags
 #1: stderr all=off uptime,level,tags

Environment Variables:
PATH=C:/Users/SAKOTTAW/.p2/pool/plugins/org.eclipse.justj.openjdk.hotspot.jre.full.win32.x86_64_17.0.5.v20221102-0933/jre/bin/server;C:/Users/SAKOTTAW/.p2/pool/plugins/org.eclipse.justj.openjdk.hotspot.jre.full.win32.x86_64_17.0.5.v20221102-0933/jre/bin;C:\Program Files\AdoptOpenJDK\jdk-15.0.0.36-hotspot\bin;C:\WINDOWS\system32;C:\WINDOWS;C:\WINDOWS\System32\Wbem;C:\WINDOWS\System32\WindowsPowerShell\v1.0\;C:\WINDOWS\System32\OpenSSH\;C:\Program Files\nodejs\;C:\Program Files\PuTTY\;C:\Program Files (x86)\Microsoft SQL Server\160\DTS\Binn\;C:\Program Files\Azure Data Studio\bin;C:\Users\SAKOTTAW\AppData\Local\Microsoft\WindowsApps;C:\Angular_Training\Day1_Typescript\Microsoft VS Code\bin;C:\Program Files\nodejs\;C:\Users\SAKOTTAW\AppData\Roaming\npm;;C:\WINDOWS\system32;
USERNAME=sakottaw
OS=Windows_NT
PROCESSOR_IDENTIFIER=Intel64 Family 6 Model 140 Stepping 1, GenuineIntel
TMP=C:\Users\SAKOTTAW\AppData\Local\Temp
TEMP=C:\Users\SAKOTTAW\AppData\Local\Temp



---------------  S Y S T E M  ---------------

OS:
 Windows 11 , 64 bit Build 22621 (10.0.22621.4830)
OS uptime: 1 days 2:47 hours

CPU: total 8 (initial active 8) (4 cores per cpu, 2 threads per core) family 6 model 140 stepping 1 microcode 0xaa, cx8, cmov, fxsr, ht, mmx, 3dnowpref, sse, sse2, sse3, ssse3, sse4.1, sse4.2, popcnt, lzcnt, tsc, tscinvbit, avx, avx2, aes, erms, clmul, bmi1, bmi2, adx, avx512f, avx512dq, avx512cd, avx512bw, avx512vl, sha, fma, vzeroupper, avx512_vpopcntdq, avx512_vpclmulqdq, avx512_vaes, avx512_vnni, clflush, clflushopt, clwb, avx512_vbmi2, avx512_vbmi

Memory: 4k page, system-wide physical 16100M (2589M free)
TotalPageFile size 65252M (AvailPageFile size 4M)
current process WorkingSet (physical memory assigned to process): 12M, peak: 12M
current process commit charge ("private bytes"): 317M, peak: 321M

vm_info: OpenJDK 64-Bit Server VM (17.0.5+8) for windows-amd64 JRE (17.0.5+8), built on Oct 19 2022 04:48:13 by "temurin" with MS VC++ 16.7 (VS2019)

END.
